This file contains any messages produced by compilers while
running configure, to aid debugging if configure makes a mistake.

It was created by astrofs configure 0.1, which was
generated by GNU Autoconf 2.69.  Invocation command line was

  $ ./configure CFLAGS=-gdwarf-2 -g3 -O0

## --------- ##
## Platform. ##
## --------- ##

hostname = astro
uname -m = x86_64
uname -r = 3.13.0-32-generic
uname -s = Linux
uname -v = #57-Ubuntu SMP Tue Jul 15 03:51:08 UTC 2014

/usr/bin/uname -p = unknown
/bin/uname -X     = unknown

/bin/arch              = unknown
/usr/bin/arch -k       = unknown
/usr/convex/getsysinfo = unknown
/usr/bin/hostinfo      = unknown
/bin/machine           = unknown
/usr/bin/oslevel       = unknown
/bin/universe          = unknown

PATH: /home/liuyingbo/bin
PATH: /usr/local/sbin
PATH: /usr/local/bin
PATH: /usr/sbin
PATH: /usr/bin
PATH: /sbin
PATH: /bin
PATH: /usr/games
PATH: /usr/local/games


## ----------- ##
## Core tests. ##
## ----------- ##

configure:2168: checking for a BSD-compatible install
configure:2236: result: /usr/bin/install -c
configure:2247: checking whether build environment is sane
configure:2302: result: yes
configure:2453: checking for a thread-safe mkdir -p
configure:2492: result: /bin/mkdir -p
configure:2499: checking for gawk
configure:2529: result: no
configure:2499: checking for mawk
configure:2515: found /usr/bin/mawk
configure:2526: result: mawk
configure:2537: checking whether make sets $(MAKE)
configure:2559: result: yes
configure:2588: checking whether make supports nested variables
configure:2605: result: yes
configure:2790: checking for g++
configure:2806: found /usr/bin/g++
configure:2817: result: g++
configure:2844: checking for C++ compiler version
configure:2853: g++ --version >&5
g++ (Ubuntu 4.8.2-19ubuntu1) 4.8.2
Copyright (C) 2013 Free Software Foundation, Inc.
This is free software; see the source for copying conditions.  There is NO
warranty; not even for MERCHANTABILITY or FITNESS FOR A PARTICULAR PURPOSE.

configure:2864: $? = 0
configure:2853: g++ -v >&5
Using built-in specs.
COLLECT_GCC=g++
COLLECT_LTO_WRAPPER=/usr/lib/gcc/x86_64-linux-gnu/4.8/lto-wrapper
Target: x86_64-linux-gnu
Configured with: ../src/configure -v --with-pkgversion='Ubuntu 4.8.2-19ubuntu1' --with-bugurl=file:///usr/share/doc/gcc-4.8/README.Bugs --enable-languages=c,c++,java,go,d,fortran,objc,obj-c++ --prefix=/usr --program-suffix=-4.8 --enable-shared --enable-linker-build-id --libexecdir=/usr/lib --without-included-gettext --enable-threads=posix --with-gxx-include-dir=/usr/include/c++/4.8 --libdir=/usr/lib --enable-nls --with-sysroot=/ --enable-clocale=gnu --enable-libstdcxx-debug --enable-libstdcxx-time=yes --enable-gnu-unique-object --disable-libmudflap --enable-plugin --with-system-zlib --disable-browser-plugin --enable-java-awt=gtk --enable-gtk-cairo --with-java-home=/usr/lib/jvm/java-1.5.0-gcj-4.8-amd64/jre --enable-java-home --with-jvm-root-dir=/usr/lib/jvm/java-1.5.0-gcj-4.8-amd64 --with-jvm-jar-dir=/usr/lib/jvm-exports/java-1.5.0-gcj-4.8-amd64 --with-arch-directory=amd64 --with-ecj-jar=/usr/share/java/eclipse-ecj.jar --enable-objc-gc --enable-multiarch --disable-werror --with-arch-32=i686 --with-abi=m64 --with-multilib-list=m32,m64,mx32 --with-tune=generic --enable-checking=release --build=x86_64-linux-gnu --host=x86_64-linux-gnu --target=x86_64-linux-gnu
Thread model: posix
gcc version 4.8.2 (Ubuntu 4.8.2-19ubuntu1) 
configure:2864: $? = 0
configure:2853: g++ -V >&5
g++: error: unrecognized command line option '-V'
g++: fatal error: no input files
compilation terminated.
configure:2864: $? = 4
configure:2853: g++ -qversion >&5
g++: error: unrecognized command line option '-qversion'
g++: fatal error: no input files
compilation terminated.
configure:2864: $? = 4
configure:2884: checking whether the C++ compiler works
configure:2906: g++    conftest.cpp  >&5
configure:2910: $? = 0
configure:2958: result: yes
configure:2961: checking for C++ compiler default output file name
configure:2963: result: a.out
configure:2969: checking for suffix of executables
configure:2976: g++ -o conftest    conftest.cpp  >&5
configure:2980: $? = 0
configure:3002: result: 
configure:3024: checking whether we are cross compiling
configure:3032: g++ -o conftest    conftest.cpp  >&5
configure:3036: $? = 0
configure:3043: ./conftest
configure:3047: $? = 0
configure:3062: result: no
configure:3067: checking for suffix of object files
configure:3089: g++ -c   conftest.cpp >&5
configure:3093: $? = 0
configure:3114: result: o
configure:3118: checking whether we are using the GNU C++ compiler
configure:3137: g++ -c   conftest.cpp >&5
configure:3137: $? = 0
configure:3146: result: yes
configure:3155: checking whether g++ accepts -g
configure:3175: g++ -c -g  conftest.cpp >&5
configure:3175: $? = 0
configure:3216: result: yes
configure:3250: checking for style of include used by make
configure:3278: result: GNU
configure:3304: checking dependency style of g++
configure:3415: result: gcc3
configure:3478: checking for gcc
configure:3494: found /usr/bin/gcc
configure:3505: result: gcc
configure:3734: checking for C compiler version
configure:3743: gcc --version >&5
gcc (Ubuntu 4.8.2-19ubuntu1) 4.8.2
Copyright (C) 2013 Free Software Foundation, Inc.
This is free software; see the source for copying conditions.  There is NO
warranty; not even for MERCHANTABILITY or FITNESS FOR A PARTICULAR PURPOSE.

configure:3754: $? = 0
configure:3743: gcc -v >&5
Using built-in specs.
COLLECT_GCC=gcc
COLLECT_LTO_WRAPPER=/usr/lib/gcc/x86_64-linux-gnu/4.8/lto-wrapper
Target: x86_64-linux-gnu
Configured with: ../src/configure -v --with-pkgversion='Ubuntu 4.8.2-19ubuntu1' --with-bugurl=file:///usr/share/doc/gcc-4.8/README.Bugs --enable-languages=c,c++,java,go,d,fortran,objc,obj-c++ --prefix=/usr --program-suffix=-4.8 --enable-shared --enable-linker-build-id --libexecdir=/usr/lib --without-included-gettext --enable-threads=posix --with-gxx-include-dir=/usr/include/c++/4.8 --libdir=/usr/lib --enable-nls --with-sysroot=/ --enable-clocale=gnu --enable-libstdcxx-debug --enable-libstdcxx-time=yes --enable-gnu-unique-object --disable-libmudflap --enable-plugin --with-system-zlib --disable-browser-plugin --enable-java-awt=gtk --enable-gtk-cairo --with-java-home=/usr/lib/jvm/java-1.5.0-gcj-4.8-amd64/jre --enable-java-home --with-jvm-root-dir=/usr/lib/jvm/java-1.5.0-gcj-4.8-amd64 --with-jvm-jar-dir=/usr/lib/jvm-exports/java-1.5.0-gcj-4.8-amd64 --with-arch-directory=amd64 --with-ecj-jar=/usr/share/java/eclipse-ecj.jar --enable-objc-gc --enable-multiarch --disable-werror --with-arch-32=i686 --with-abi=m64 --with-multilib-list=m32,m64,mx32 --with-tune=generic --enable-checking=release --build=x86_64-linux-gnu --host=x86_64-linux-gnu --target=x86_64-linux-gnu
Thread model: posix
gcc version 4.8.2 (Ubuntu 4.8.2-19ubuntu1) 
configure:3754: $? = 0
configure:3743: gcc -V >&5
gcc: error: unrecognized command line option '-V'
gcc: fatal error: no input files
compilation terminated.
configure:3754: $? = 4
configure:3743: gcc -qversion >&5
gcc: error: unrecognized command line option '-qversion'
gcc: fatal error: no input files
compilation terminated.
configure:3754: $? = 4
configure:3758: checking whether we are using the GNU C compiler
configure:3777: gcc -c -gdwarf-2 -g3 -O0  conftest.c >&5
configure:3777: $? = 0
configure:3786: result: yes
configure:3795: checking whether gcc accepts -g
configure:3815: gcc -c -g  conftest.c >&5
configure:3815: $? = 0
configure:3856: result: yes
configure:3873: checking for gcc option to accept ISO C89
configure:3936: gcc  -c -gdwarf-2 -g3 -O0  conftest.c >&5
configure:3936: $? = 0
configure:3949: result: none needed
configure:3974: checking whether gcc understands -c and -o together
configure:3996: gcc -c conftest.c -o conftest2.o
configure:3999: $? = 0
configure:3996: gcc -c conftest.c -o conftest2.o
configure:3999: $? = 0
configure:4011: result: yes
configure:4030: checking dependency style of gcc
configure:4141: result: gcc3
configure:4160: checking for library containing pthread_create
configure:4191: gcc -o conftest -gdwarf-2 -g3 -O0   conftest.c  >&5
/tmp/cc7JXfBC.o: In function `main':
/home/liuyingbo/Hybwps/astrofs/conftest.c:22: undefined reference to `pthread_create'
collect2: error: ld returned 1 exit status
configure:4191: $? = 1
configure: failed program was:
| /* confdefs.h */
| #define PACKAGE_NAME "astrofs"
| #define PACKAGE_TARNAME "astrofs"
| #define PACKAGE_VERSION "0.1"
| #define PACKAGE_STRING "astrofs 0.1"
| #define PACKAGE_BUGREPORT ""
| #define PACKAGE_URL ""
| #define PACKAGE "astrofs"
| #define VERSION "0.1"
| /* end confdefs.h.  */
| 
| /* Override any GCC internal prototype to avoid an error.
|    Use char because int might match the return type of a GCC
|    builtin and then its argument prototype would still apply.  */
| #ifdef __cplusplus
| extern "C"
| #endif
| char pthread_create ();
| int
| main ()
| {
| return pthread_create ();
|   ;
|   return 0;
| }
configure:4191: gcc -o conftest -gdwarf-2 -g3 -O0   conftest.c -lpthread   >&5
configure:4191: $? = 0
configure:4208: result: -lpthread
configure:4225: checking how to run the C preprocessor
configure:4256: gcc -E  conftest.c
configure:4256: $? = 0
configure:4270: gcc -E  conftest.c
conftest.c:11:28: fatal error: ac_nonexistent.h: No such file or directory
 #include <ac_nonexistent.h>
                            ^
compilation terminated.
configure:4270: $? = 1
configure: failed program was:
| /* confdefs.h */
| #define PACKAGE_NAME "astrofs"
| #define PACKAGE_TARNAME "astrofs"
| #define PACKAGE_VERSION "0.1"
| #define PACKAGE_STRING "astrofs 0.1"
| #define PACKAGE_BUGREPORT ""
| #define PACKAGE_URL ""
| #define PACKAGE "astrofs"
| #define VERSION "0.1"
| /* end confdefs.h.  */
| #include <ac_nonexistent.h>
configure:4295: result: gcc -E
configure:4315: gcc -E  conftest.c
configure:4315: $? = 0
configure:4329: gcc -E  conftest.c
conftest.c:11:28: fatal error: ac_nonexistent.h: No such file or directory
 #include <ac_nonexistent.h>
                            ^
compilation terminated.
configure:4329: $? = 1
configure: failed program was:
| /* confdefs.h */
| #define PACKAGE_NAME "astrofs"
| #define PACKAGE_TARNAME "astrofs"
| #define PACKAGE_VERSION "0.1"
| #define PACKAGE_STRING "astrofs 0.1"
| #define PACKAGE_BUGREPORT ""
| #define PACKAGE_URL ""
| #define PACKAGE "astrofs"
| #define VERSION "0.1"
| /* end confdefs.h.  */
| #include <ac_nonexistent.h>
configure:4358: checking for grep that handles long lines and -e
configure:4416: result: /bin/grep
configure:4421: checking for egrep
configure:4483: result: /bin/grep -E
configure:4488: checking for ANSI C header files
configure:4508: gcc -c -gdwarf-2 -g3 -O0  conftest.c >&5
configure:4508: $? = 0
configure:4581: gcc -o conftest -gdwarf-2 -g3 -O0   conftest.c -lpthread  >&5
configure:4581: $? = 0
configure:4581: ./conftest
configure:4581: $? = 0
configure:4592: result: yes
configure:4605: checking for sys/types.h
configure:4605: gcc -c -gdwarf-2 -g3 -O0  conftest.c >&5
configure:4605: $? = 0
configure:4605: result: yes
configure:4605: checking for sys/stat.h
configure:4605: gcc -c -gdwarf-2 -g3 -O0  conftest.c >&5
configure:4605: $? = 0
configure:4605: result: yes
configure:4605: checking for stdlib.h
configure:4605: gcc -c -gdwarf-2 -g3 -O0  conftest.c >&5
configure:4605: $? = 0
configure:4605: result: yes
configure:4605: checking for string.h
configure:4605: gcc -c -gdwarf-2 -g3 -O0  conftest.c >&5
configure:4605: $? = 0
configure:4605: result: yes
configure:4605: checking for memory.h
configure:4605: gcc -c -gdwarf-2 -g3 -O0  conftest.c >&5
configure:4605: $? = 0
configure:4605: result: yes
configure:4605: checking for strings.h
configure:4605: gcc -c -gdwarf-2 -g3 -O0  conftest.c >&5
configure:4605: $? = 0
configure:4605: result: yes
configure:4605: checking for inttypes.h
configure:4605: gcc -c -gdwarf-2 -g3 -O0  conftest.c >&5
configure:4605: $? = 0
configure:4605: result: yes
configure:4605: checking for stdint.h
configure:4605: gcc -c -gdwarf-2 -g3 -O0  conftest.c >&5
configure:4605: $? = 0
configure:4605: result: yes
configure:4605: checking for unistd.h
configure:4605: gcc -c -gdwarf-2 -g3 -O0  conftest.c >&5
configure:4605: $? = 0
configure:4605: result: yes
configure:4619: checking pthread.h usability
configure:4619: gcc -c -gdwarf-2 -g3 -O0  conftest.c >&5
configure:4619: $? = 0
configure:4619: result: yes
configure:4619: checking pthread.h presence
configure:4619: gcc -E  conftest.c
configure:4619: $? = 0
configure:4619: result: yes
configure:4619: checking for pthread.h
configure:4619: result: yes
configure:4650: checking for stdlib.h
configure:4650: result: yes
configure:4779: checking that generated files are newer than configure
configure:4785: result: done
configure:4812: creating ./config.status

## ---------------------- ##
## Running config.status. ##
## ---------------------- ##

This file was extended by astrofs config.status 0.1, which was
generated by GNU Autoconf 2.69.  Invocation command line was

  CONFIG_FILES    = 
  CONFIG_HEADERS  = 
  CONFIG_LINKS    = 
  CONFIG_COMMANDS = 
  $ ./config.status 

on astro

config.status:864: creating Makefile
config.status:864: creating src/Makefile
config.status:864: creating src/utils/Makefile
config.status:864: creating src/test/Makefile
config.status:864: creating config.h
config.status:1093: executing depfiles commands

## ---------------- ##
## Cache variables. ##
## ---------------- ##

ac_cv_c_compiler_gnu=yes
ac_cv_cxx_compiler_gnu=yes
ac_cv_env_CCC_set=
ac_cv_env_CCC_value=
ac_cv_env_CC_set=
ac_cv_env_CC_value=
ac_cv_env_CFLAGS_set=set
ac_cv_env_CFLAGS_value='-gdwarf-2 -g3 -O0'
ac_cv_env_CPPFLAGS_set=
ac_cv_env_CPPFLAGS_value=
ac_cv_env_CPP_set=
ac_cv_env_CPP_value=
ac_cv_env_CXXFLAGS_set=
ac_cv_env_CXXFLAGS_value=
ac_cv_env_CXX_set=
ac_cv_env_CXX_value=
ac_cv_env_LDFLAGS_set=
ac_cv_env_LDFLAGS_value=
ac_cv_env_LIBS_set=
ac_cv_env_LIBS_value=
ac_cv_env_build_alias_set=
ac_cv_env_build_alias_value=
ac_cv_env_host_alias_set=
ac_cv_env_host_alias_value=
ac_cv_env_target_alias_set=
ac_cv_env_target_alias_value=
ac_cv_header_inttypes_h=yes
ac_cv_header_memory_h=yes
ac_cv_header_pthread_h=yes
ac_cv_header_stdc=yes
ac_cv_header_stdint_h=yes
ac_cv_header_stdlib_h=yes
ac_cv_header_string_h=yes
ac_cv_header_strings_h=yes
ac_cv_header_sys_stat_h=yes
ac_cv_header_sys_types_h=yes
ac_cv_header_unistd_h=yes
ac_cv_objext=o
ac_cv_path_EGREP='/bin/grep -E'
ac_cv_path_GREP=/bin/grep
ac_cv_path_install='/usr/bin/install -c'
ac_cv_path_mkdir=/bin/mkdir
ac_cv_prog_AWK=mawk
ac_cv_prog_CPP='gcc -E'
ac_cv_prog_ac_ct_CC=gcc
ac_cv_prog_ac_ct_CXX=g++
ac_cv_prog_cc_c89=
ac_cv_prog_cc_g=yes
ac_cv_prog_cxx_g=yes
ac_cv_prog_make_make_set=yes
ac_cv_search_pthread_create=-lpthread
am_cv_CC_dependencies_compiler_type=gcc3
am_cv_CXX_dependencies_compiler_type=gcc3
am_cv_make_support_nested_variables=yes
am_cv_prog_cc_c_o=yes

## ----------------- ##
## Output variables. ##
## ----------------- ##

ACLOCAL='${SHELL} /home/liuyingbo/Hybwps/astrofs/missing aclocal-1.14'
AMDEPBACKSLASH='\'
AMDEP_FALSE='#'
AMDEP_TRUE=''
AMTAR='$${TAR-tar}'
AM_BACKSLASH='\'
AM_DEFAULT_V='$(AM_DEFAULT_VERBOSITY)'
AM_DEFAULT_VERBOSITY='1'
AM_V='$(V)'
AUTOCONF='${SHELL} /home/liuyingbo/Hybwps/astrofs/missing autoconf'
AUTOHEADER='${SHELL} /home/liuyingbo/Hybwps/astrofs/missing autoheader'
AUTOMAKE='${SHELL} /home/liuyingbo/Hybwps/astrofs/missing automake-1.14'
AWK='mawk'
CC='gcc'
CCDEPMODE='depmode=gcc3'
CFLAGS='-gdwarf-2 -g3 -O0'
CPP='gcc -E'
CPPFLAGS=''
CXX='g++'
CXXDEPMODE='depmode=gcc3'
CXXFLAGS='-g -O2'
CYGPATH_W='echo'
DEFS='-DHAVE_CONFIG_H'
DEPDIR='.deps'
ECHO_C=''
ECHO_N='-n'
ECHO_T=''
EGREP='/bin/grep -E'
EXEEXT=''
GREP='/bin/grep'
INSTALL_DATA='${INSTALL} -m 644'
INSTALL_PROGRAM='${INSTALL}'
INSTALL_SCRIPT='${INSTALL}'
INSTALL_STRIP_PROGRAM='$(install_sh) -c -s'
LDFLAGS=''
LIBOBJS=''
LIBS='-lpthread '
LTLIBOBJS=''
MAKEINFO='${SHELL} /home/liuyingbo/Hybwps/astrofs/missing makeinfo'
MKDIR_P='/bin/mkdir -p'
OBJEXT='o'
PACKAGE='astrofs'
PACKAGE_BUGREPORT=''
PACKAGE_NAME='astrofs'
PACKAGE_STRING='astrofs 0.1'
PACKAGE_TARNAME='astrofs'
PACKAGE_URL=''
PACKAGE_VERSION='0.1'
PATH_SEPARATOR=':'
PTHREAD_LIBS='-lpthread'
SET_MAKE=''
SHELL='/bin/bash'
STRIP=''
VERSION='0.1'
ac_ct_CC='gcc'
ac_ct_CXX='g++'
am__EXEEXT_FALSE=''
am__EXEEXT_TRUE='#'
am__fastdepCC_FALSE='#'
am__fastdepCC_TRUE=''
am__fastdepCXX_FALSE='#'
am__fastdepCXX_TRUE=''
am__include='include'
am__isrc=''
am__leading_dot='.'
am__nodep='_no'
am__quote=''
am__tar='$${TAR-tar} chof - "$$tardir"'
am__untar='$${TAR-tar} xf -'
bindir='${exec_prefix}/bin'
build_alias=''
datadir='${datarootdir}'
datarootdir='${prefix}/share'
docdir='${datarootdir}/doc/${PACKAGE_TARNAME}'
dvidir='${docdir}'
exec_prefix='${prefix}'
host_alias=''
htmldir='${docdir}'
includedir='${prefix}/include'
infodir='${datarootdir}/info'
install_sh='${SHELL} /home/liuyingbo/Hybwps/astrofs/install-sh'
libdir='${exec_prefix}/lib'
libexecdir='${exec_prefix}/libexec'
localedir='${datarootdir}/locale'
localstatedir='${prefix}/var'
mandir='${datarootdir}/man'
mkdir_p='$(MKDIR_P)'
oldincludedir='/usr/include'
pdfdir='${docdir}'
prefix='/usr/local'
program_transform_name='s,x,x,'
psdir='${docdir}'
sbindir='${exec_prefix}/sbin'
sharedstatedir='${prefix}/com'
sysconfdir='${prefix}/etc'
target_alias=''

## ----------- ##
## confdefs.h. ##
## ----------- ##

/* confdefs.h */
#define PACKAGE_NAME "astrofs"
#define PACKAGE_TARNAME "astrofs"
#define PACKAGE_VERSION "0.1"
#define PACKAGE_STRING "astrofs 0.1"
#define PACKAGE_BUGREPORT ""
#define PACKAGE_URL ""
#define PACKAGE "astrofs"
#define VERSION "0.1"
#define STDC_HEADERS 1
#define HAVE_SYS_TYPES_H 1
#define HAVE_SYS_STAT_H 1
#define HAVE_STDLIB_H 1
#define HAVE_STRING_H 1
#define HAVE_MEMORY_H 1
#define HAVE_STRINGS_H 1
#define HAVE_INTTYPES_H 1
#define HAVE_STDINT_H 1
#define HAVE_UNISTD_H 1
#define HAVE_PTHREAD_H 1
#define HAVE_STDLIB_H 1

configure: exit 0

## ---------------------- ##
## Running config.status. ##
## ---------------------- ##

This file was extended by astrofs config.status 0.1, which was
generated by GNU Autoconf 2.69.  Invocation command line was

  CONFIG_FILES    = 
  CONFIG_HEADERS  = 
  CONFIG_LINKS    = 
  CONFIG_COMMANDS = 
  $ ./config.status 

on astro

config.status:864: creating Makefile
config.status:864: creating src/Makefile
config.status:864: creating src/utils/Makefile
config.status:864: creating src/test/Makefile
config.status:864: creating config.h
config.status:1045: config.h is unchanged
config.status:1093: executing depfiles commands

## ---------------------- ##
## Running config.status. ##
## ---------------------- ##

This file was extended by astrofs config.status 0.1, which was
generated by GNU Autoconf 2.69.  Invocation command line was

  CONFIG_FILES    = 
  CONFIG_HEADERS  = 
  CONFIG_LINKS    = 
  CONFIG_COMMANDS = 
  $ ./config.status src/Makefile

on astro

config.status:864: creating src/Makefile

## ---------------------- ##
## Running config.status. ##
## ---------------------- ##

This file was extended by astrofs config.status 0.1, which was
generated by GNU Autoconf 2.69.  Invocation command line was

  CONFIG_FILES    = 
  CONFIG_HEADERS  = 
  CONFIG_LINKS    = 
  CONFIG_COMMANDS = 
  $ ./config.status 

on astro

config.status:864: creating Makefile
config.status:864: creating src/Makefile
config.status:864: creating src/utils/Makefile
config.status:864: creating src/test/Makefile
config.status:864: creating config.h
config.status:1045: config.h is unchanged
config.status:1093: executing depfiles commands

## ---------------------- ##
## Running config.status. ##
## ---------------------- ##

This file was extended by astrofs config.status 0.1, which was
generated by GNU Autoconf 2.69.  Invocation command line was

  CONFIG_FILES    = 
  CONFIG_HEADERS  = 
  CONFIG_LINKS    = 
  CONFIG_COMMANDS = 
  $ ./config.status src/Makefile

on astro

config.status:864: creating src/Makefile
